
------------------------
Starting 127.0.0.1 yugabyte yugabyte


------------------------
Starting 127.0.0.1 yugabyte yugabyte

start_time: 2024-09-03 17:33:46.314491, duration: 0.667s <Failed last_success: 2024-09-03 17:33:46.210728>
Error: Cancel request sent
ysqlsh:./sql/lag_select.sql:2: ERROR:  canceling statement due to user request


Avg duration: 2.78s
Max duration: 0s
Total Outage: 0s


------------------------
Starting 127.0.0.1 yugabyte yugabyte

start_time: 2024-09-03 17:34:31.859607, duration: 0.723s <Failed last_success: 2024-09-03 17:34:31.757530>
Error: Cancel request sent
ysqlsh:./sql/lag_select.sql:2: ERROR:  canceling statement due to user request


Avg duration: 2.796s
Max duration: 0s
Total Outage: 0s


------------------------
Starting 127.0.0.1 yugabyte yugabyte

start_time: 2024-09-03 17:36:15.433395, duration: 0.672s <Failed last_success: 2024-09-03 17:36:15.329334>
Error: Cancel request sent
ysqlsh:./sql/lag_select.sql:3: ERROR:  canceling statement due to user request


Avg duration: 4.167s
Max duration: 0s
Total Outage: 0s


------------------------
Starting 127.0.0.1 yugabyte yugabyte

start_time: 2024-09-03 17:36:42.178257, duration: 0.694s <Failed last_success: 2024-09-03 17:36:42.075822>
Error: Cancel request sent
ysqlsh:./sql/lag_select.sql:2: ERROR:  canceling statement due to user request


Avg duration: 2.749s
Max duration: 0s
Total Outage: 0s


------------------------
Starting 127.0.0.1 yugabyte yugabyte

start_time: 2024-09-03 17:37:28.691864, duration: 0.683s <Failed last_success: 2024-09-03 17:37:28.587249>
Error: Cancel request sent
ysqlsh:./sql/lag_select.sql:2: ERROR:  canceling statement due to user request


Avg duration: 2.784s
Max duration: 0s
Total Outage: 0s


------------------------
Starting 127.0.0.1 yugabyte yugabyte


------------------------
Starting 127.0.0.1 yugabyte yugabyte

start_time: 2024-09-03 17:43:05.986601, duration: 0.692s <Avg Duration 0.686s>

------------------------
Starting 127.0.0.1 yugabyte yugabyte

start_time: 2024-09-03 17:43:32.512998, duration: 0.026s <Failed last_success: 2024-09-03 17:43:32.407926>
Error: 

Avg duration: 4.719s
Max duration: 0s
Total Outage: 0s


------------------------
Starting 127.0.0.1 yugabyte yugabyte

start_time: 2024-09-03 17:43:51.922735, duration: 0.035s <Failed last_success: 2024-09-03 17:43:51.818299>
Error: 

Avg duration: 2.427s
Max duration: 0s
Total Outage: 0s


------------------------
Starting 127.0.0.1 yugabyte yugabyte


Avg duration: 6.118s
Max duration: 0s
Total Outage: 0s


------------------------
Starting 127.0.0.1 yugabyte yugabyte


------------------------
Starting 127.0.0.1 yugabyte yugabyte

start_time: 2024-09-03 17:45:07.686757, duration: 0.812s <Failed last_success: 2024-09-03 17:45:07.582578>
Error: Cancel request sent
ysqlsh:./sql/lag_select.sql:3: ERROR:  canceling statement due to user request


Avg duration: 8.265s
Max duration: 0s
Total Outage: 0s


------------------------
Starting 127.0.0.1 yugabyte yugabyte

start_time: 2024-09-03 17:45:48.314873, duration: 0.805s <Failed last_success: 2024-09-03 17:45:48.210409>
Error: Cancel request sent
ysqlsh:./sql/lag_select.sql:3: ERROR:  canceling statement due to user request


Avg duration: 4.928s
Max duration: 0s
Total Outage: 0s


------------------------
Starting 127.0.0.1 yugabyte yugabyte

start_time: 2024-09-03 17:46:08.021782, duration: 0.438s <Avg Duration 0.425s>
start_time: 2024-09-03 17:46:29.859651, duration: 0.429s <Failed last_success: 2024-09-03 17:46:29.756169>
Error: Cancel request sent
ysqlsh:./sql/lag_update.sql:2: ERROR:  canceling statement due to user request


Avg duration: 0.425s
Max duration: 0s
Total Outage: 0s


------------------------
Starting 127.0.0.1 yugabyte yugabyte

start_time: 2024-09-03 17:46:53.856758, duration: 0.451s <Avg Duration 0.443s>
start_time: 2024-09-03 17:47:03.785934, duration: 0.055s <Failed last_success: 2024-09-03 17:47:03.681896>
Error: 

Avg duration: 0.443s
Max duration: 0s
Total Outage: 0s


------------------------
Starting 127.0.0.1 yugabyte yugabyte

start_time: 2024-09-03 20:34:33.892330, duration: 0.488s <Avg Duration 0.458s>

Avg duration: 0.458s
Max duration: 0s
Total Outage: 0s


------------------------
Starting 127.0.0.1 yugabyte yugabyte

start_time: 2024-09-03 20:38:18.144378, duration: 0.492s <Avg Duration 0.482s>
start_time: 2024-09-03 20:38:45.878844, duration: 0.335s <Failed last_success: 2024-09-03 20:38:45.774324>
Error: Cancel request sent
ysqlsh:./sql/lag_update.sql:2: ERROR:  canceling statement due to user request


Avg duration: 0.482s
Max duration: 0s
Total Outage: 0s


------------------------
Starting 127.0.0.1 yugabyte yugabyte

start_time: 2024-09-03 20:38:53.813139, duration: 0.465s <Avg Duration 0.474s>
start_time: 2024-09-03 20:39:07.806313, duration: 0.103s <Failed last_success: 2024-09-03 20:39:07.701576>
Error: 

Avg duration: 0.474s
Max duration: 0s
Total Outage: 0s


------------------------
Starting 127.0.0.1 yugabyte yugabyte

start_time: 2024-09-03 20:39:12.127091, duration: 0.276s <Failed last_success: 2024-09-03 20:39:12.023529>
Error: Cancel request sent
ysqlsh:./sql/lag_update.sql:2: ERROR:  canceling statement due to user request


Avg duration: 1.638s
Max duration: 0s
Total Outage: 0s


------------------------
Starting 127.0.0.1 yugabyte yugabyte

start_time: 2024-09-03 20:40:07.962187, duration: 0.46s <Avg Duration 0.463s>

Avg duration: 0.463s
Max duration: 0s
Total Outage: 0s


------------------------
Starting 127.0.0.1 yugabyte yugabyte

start_time: 2024-09-03 20:43:44.515234, duration: 0.47s <Avg Duration 0.48s>
start_time: 2024-09-03 20:43:45.660170, duration: 0.291s <Failed last_success: 2024-09-03 20:43:45.557881>
Error: Cancel request sent
ysqlsh:./sql/lag_update.sql:2: ERROR:  canceling statement due to user request


Avg duration: 0.48s
Max duration: 0s
Total Outage: 0s


------------------------
Starting 127.0.0.1 yugabyte yugabyte

start_time: 2024-09-03 20:58:58.013997, duration: 0.452s <Avg Duration 0.481s>

Avg duration: 0.481s
Max duration: 0s
Total Outage: 0s


------------------------
Starting 127.0.0.1 yugabyte yugabyte

start_time: 2024-09-03 20:59:45.375856, duration: 0.193s <Avg Duration 0.179s>
start_time: 2024-09-03 20:59:46.219993, duration: 0.183s <Failed last_success: 2024-09-03 20:59:46.116234>
Error: Cancel request sent
ysqlsh:./sql/lag_update.sql:3: ERROR:  column "now_time" does not exist
LINE 2: UPDATE lag_test SET t=max(now_time);
                                  ^


Avg duration: 0.179s
Max duration: 0s
Total Outage: 0s


------------------------
Starting 127.0.0.1 yugabyte yugabyte

start_time: 2024-09-03 21:00:09.359702, duration: 0.088s <Avg Duration 0.102s>

Avg duration: 0.102s
Max duration: 0s
Total Outage: 0s


------------------------
Starting 127.0.0.1 yugabyte yugabyte

start_time: 2024-09-03 21:02:27.006059, duration: 0.506s <Avg Duration 0.479s>
start_time: 2024-09-03 21:02:29.930616, duration: 0.437s <Failed last_success: 2024-09-03 21:02:29.828986>
Error: Cancel request sent
ysqlsh:./sql/lag_update.sql:3: ERROR:  canceling statement due to user request


Avg duration: 0.479s
Max duration: 0s
Total Outage: 0s


------------------------
Starting 127.0.0.1 yugabyte yugabyte

start_time: 2024-09-03 21:02:57.412241, duration: 0.454s <Avg Duration 0.471s>
start_time: 2024-09-03 21:02:59.140346, duration: 0.33s <Failed last_success: 2024-09-03 21:02:59.035481>
Error: Cancel request sent
ysqlsh:./sql/lag_update.sql:2: ERROR:  canceling statement due to user request


Avg duration: 0.471s
Max duration: 0s
Total Outage: 0s


------------------------
Starting 127.0.0.1 yugabyte yugabyte

start_time: 2024-09-03 21:03:31.046459, duration: 0.472s <Avg Duration 0.492s>
start_time: 2024-09-03 21:03:31.622734, duration: 0.389s <Failed last_success: 2024-09-03 21:03:31.518617>
Error: Cancel request sent
ysqlsh:./sql/lag_update.sql:2: ERROR:  canceling statement due to user request


Avg duration: 0.492s
Max duration: 0s
Total Outage: 0s


------------------------
Starting 127.0.0.1 yugabyte yugabyte

start_time: 2024-09-03 21:03:58.412272, duration: 0.219s <Failed last_success: 2024-09-03 21:03:58.311316>
Error: Cancel request sent
ysqlsh:./sql/lag_update.sql:2: ERROR:  canceling statement due to user request


Avg duration: 4.324s
Max duration: 0s
Total Outage: 0s


------------------------
Starting 127.0.0.1 yugabyte yugabyte

start_time: 2024-09-03 21:04:03.909596, duration: 0.075s <Failed last_success: 2024-09-03 21:04:03.805099>
Error: 

Avg duration: 2.628s
Max duration: 0s
Total Outage: 0s


------------------------
Starting 127.0.0.1 yugabyte yugabyte

start_time: 2024-09-03 21:04:11.955706, duration: 0.473s <Avg Duration 0.477s>
start_time: 2024-09-03 21:04:25.906205, duration: 0.478s <Failed last_success: 2024-09-03 21:04:25.801484>
Error: Cancel request sent


Avg duration: 0.477s
Max duration: 0s
Total Outage: 0s


------------------------
Starting 127.0.0.1 yugabyte yugabyte

start_time: 2024-09-03 21:06:23.992787, duration: 0.207s <Failed last_success: 2024-09-03 21:06:23.887813>
Error: Cancel request sent
ysqlsh:./sql/lag_update.sql:2: ERROR:  canceling statement due to user request


Avg duration: 4.569s
Max duration: 0s
Total Outage: 0s


------------------------
Starting 127.0.0.1 yugabyte yugabyte

start_time: 2024-09-03 21:06:39.006773, duration: 0.5s <Avg Duration 0.485s>
start_time: 2024-09-03 21:06:52.320269, duration: 0.395s <Failed last_success: 2024-09-03 21:06:52.217465>
Error: Cancel request sent
ysqlsh:./sql/lag_update.sql:2: ERROR:  canceling statement due to user request


Avg duration: 0.485s
Max duration: 0s
Total Outage: 0s


------------------------
Starting 127.0.0.1 yugabyte yugabyte

start_time: 2024-09-03 21:09:13.084155, duration: 0.211s <Failed last_success: 2024-09-03 21:09:12.980137>
Error: Cancel request sent
ysqlsh:./sql/lag_update.sql:2: ERROR:  canceling statement due to user request
 <Avg Duration 0.486s>

Avg duration: 0.486s
Max duration: 0s
Total Outage: 0s


------------------------
Starting 127.0.0.1 yugabyte yugabyte

start_time: 2024-09-03 21:09:46.241383, duration: 0.224s <Failed last_success: 2024-09-03 21:09:46.140973>
Error: Cancel request sent
ysqlsh:./sql/lag_update.sql:2: ERROR:  canceling statement due to user request


Avg duration: 1.182s
Max duration: 0s
Total Outage: 0s


------------------------
Starting 127.0.0.1 yugabyte yugabyte

start_time: 2024-09-03 21:10:12.056065, duration: 0.232s <Failed last_success: 2024-09-03 21:10:11.951046>
Error: Cancel request sent
ysqlsh:./sql/lag_update.sql:2: ERROR:  canceling statement due to user request


Avg duration: 3.551s
Max duration: 0s
Total Outage: 0s


------------------------
Starting 127.0.0.1 yugabyte yugabyte

start_time: 2024-09-03 21:10:38.557099, duration: 0.449s <Failed last_success: 2024-09-03 21:10:38.456596>
Error: Cancel request sent
ysqlsh:./sql/lag_update.sql:2: ERROR:  canceling statement due to user request
 <Avg Duration 0.486s>

Avg duration: 0.486s
Max duration: 0s
Total Outage: 0s


------------------------
Starting 127.0.0.1 yugabyte yugabyte

start_time: 2024-09-03 21:10:50.039039, duration: 0.301s <Failed last_success: 2024-09-03 21:10:49.934444>
Error: Cancel request sent
ysqlsh:./sql/lag_update.sql:2: ERROR:  canceling statement due to user request


Avg duration: 3.64s
Max duration: 0s
Total Outage: 0s


------------------------
Starting 127.0.0.1 yugabyte yugabyte

start_time: 2024-09-03 21:11:40.179395, duration: 0.034s <Failed last_success: 2024-09-03 21:11:40.077252>
Error: 

Avg duration: 2.026s
Max duration: 0s
Total Outage: 0s


------------------------
Starting 127.0.0.1 yugabyte yugabyte

start_time: 2024-09-03 21:12:07.479308, duration: 0.234s <Failed last_success: 2024-09-03 21:12:07.374255>
Error: Cancel request sent
ysqlsh:./sql/lag_update.sql:2: ERROR:  canceling statement due to user request


Avg duration: 1.221s
Max duration: 0s
Total Outage: 0s


------------------------
Starting 127.0.0.1 yugabyte yugabyte


Avg duration: 1.456s
Max duration: 0s
Total Outage: 0s


------------------------
Starting 127.0.0.1 yugabyte yugabyte


Avg duration: 3.793s
Max duration: 0s
Total Outage: 0s


------------------------
Starting 127.0.0.1 yugabyte yugabyte

start_time: 2024-09-03 21:17:31.956104, duration: 0.234s <Failed last_success: 2024-09-03 21:17:31.851644>
Error: Cancel request sent
ysqlsh:./sql/lag_update.sql:2: ERROR:  canceling statement due to user request


Avg duration: 1.232s
Max duration: 0s
Total Outage: 0s


------------------------
Starting 127.0.0.1 yugabyte yugabyte

start_time: 2024-09-03 21:17:40.811114, duration: 0.394s <Failed last_success: 2024-09-03 21:17:40.706093>
Error: Cancel request sent
ysqlsh:./sql/lag_update.sql:2: ERROR:  canceling statement due to user request


Avg duration: 3.324s
Max duration: 0s
Total Outage: 0s


------------------------
Starting 127.0.0.1 yugabyte yugabyte

start_time: 2024-09-03 21:17:55.178152, duration: 0.008s <Failed last_success: 2024-09-03 21:17:55.073759>
Error: 

Avg duration: 1.911s
Max duration: 0s
Total Outage: 0s


------------------------
Starting 127.0.0.1 yugabyte yugabyte

start_time: 2024-09-03 21:19:05.943841, duration: 0.485s <Avg Duration 0.478s>
start_time: 2024-09-03 21:19:14.531788, duration: 0.322s <Failed last_success: 2024-09-03 21:19:14.428120>
Error: Cancel request sent
ysqlsh:./sql/lag_update.sql:2: ERROR:  canceling statement due to user request


Avg duration: 0.478s
Max duration: 0s
Total Outage: 0s


------------------------
Starting 127.0.0.1 yugabyte yugabyte

start_time: 2024-09-03 21:20:11.625375, duration: 0.508s <Avg Duration 0.482s>
start_time: 2024-09-03 21:20:16.348986, duration: 0.074s <Failed last_success: 2024-09-03 21:20:16.243924>
Error: 

Avg duration: 0.482s
Max duration: 0s
Total Outage: 0s


------------------------
Starting 127.0.0.1 yugabyte yugabyte

start_time: 2024-09-03 21:50:20.698810, duration: 0.407s <Failed last_success: 2024-09-03 21:50:20.594489>
Error: Cancel request sent
ysqlsh:./sql/lag_update.sql:2: ERROR:  canceling statement due to user request
 <Avg Duration 0.489s>

Avg duration: 0.489s
Max duration: 0s
Total Outage: 0s


------------------------
Starting 127.0.0.1 yugabyte yugabyte

start_time: 2024-09-03 21:51:53.761404, duration: 0.205s <Failed last_success: 2024-09-03 21:51:53.660160>
Error: Cancel request sent
ysqlsh:./sql/lag_update.sql:2: ERROR:  canceling statement due to user request


Avg duration: 4.5s
Max duration: 0s
Total Outage: 0s


------------------------
Starting 127.0.0.1 yugabyte yugabyte

start_time: 2024-09-03 21:52:37.172186, duration: 0.458s <Avg Duration 0.479s>
start_time: 2024-09-03 21:52:58.277620, duration: 0.509s <Failed last_success: 2024-09-03 21:52:58.173860>
Error: Cancel request sent


Avg duration: 0.479s
Max duration: 0s
Total Outage: 0s


------------------------
Starting 127.0.0.1 yugabyte yugabyte

start_time: 2024-09-03 21:53:05.982092, duration: 0.404s <Failed last_success: 2024-09-03 21:53:05.877275>
Error: Cancel request sent
ysqlsh:./sql/lag_update.sql:2: ERROR:  canceling statement due to user request


Avg duration: 4.345s
Max duration: 0s
Total Outage: 0s

